no errors
hmm
PackFontRangesRenderIntoRects= 1
[0 1 2 0 2 3 4 5 6 4 6 7 8 10 12 8 12 13 13 9 8 10 8 9 9 11 10 12 10 11 11 13 12 14 16 18 14 18 19 19 15 14 16 14 15 15 17 16 18 16 17 17 19 18 20 21 22 20 22 23 24 25 26 24 26 27 28 29 30 28 30 31 32 33 34 32 34 35 36 37 38 36 38 39 40 41 42 40 42 43 44 45 46 44 46 47 48 49 50 48 50 51 52 53 54 52 54 55 56 57 58 56 58 59 60 61 62 60 62 63 64 65 66 64 66 67 68 69 70 68 70 71 72 73 74 72 74 75 76 77 78 76 78 79 80 81 82 80 82 83 84 85 86 84 86 87 88 89 90 88 90 91 92 93 94 92 94 95 96 97 98 96 98 99 100 101 102 100 102 103 104 105 106 104 106 107 108 109 110 108 110 111 112 113 114 112 114 115 116 117 118 116 118 119]
([]imgui.ImDrawVert) (len=120 cap=153) {
 (imgui.ImDrawVert) {
  pos: (imgui.ImVec2) {
   x: (float32) 60,
   y: (float32) 79
  },
  uv: (imgui.ImVec2) {
   x: (float32) 0.12792969,
   y: (float32) 0.0078125
  },
  col: (uint32) 4027518735
 },
 (imgui.ImDrawVert) {
  pos: (imgui.ImVec2) {
   x: (float32) 460,
   y: (float32) 79
  },
  uv: (imgui.ImVec2) {
   x: (float32) 0.12792969,
   y: (float32) 0.0078125
  },
  col: (uint32) 4027518735
 },
 (imgui.ImDrawVert) {
  pos: (imgui.ImVec2) {
   x: (float32) 460,
   y: (float32) 460
  },
  uv: (imgui.ImVec2) {
   x: (float32) 0.12792969,
   y: (float32) 0.0078125
  },
  col: (uint32) 4027518735
 },
 (imgui.ImDrawVert) {
  pos: (imgui.ImVec2) {
   x: (float32) 60,
   y: (float32) 460
  },
  uv: (imgui.ImVec2) {
   x: (float32) 0.12792969,
   y: (float32) 0.0078125
  },
  col: (uint32) 4027518735
 },
 (imgui.ImDrawVert) {
  pos: (imgui.ImVec2) {
   x: (float32) 60,
   y: (float32) 60
  },
  uv: (imgui.ImVec2) {
   x: (float32) 0.12792969,
   y: (float32) 0.0078125
  },
  col: (uint32) 4286204457
 },
 (imgui.ImDrawVert) {
  pos: (imgui.ImVec2) {
   x: (float32) 460,
   y: (float32) 60
  },
  uv: (imgui.ImVec2) {
   x: (float32) 0.12792969,
   y: (float32) 0.0078125
  },
  col: (uint32) 4286204457
 },
 (imgui.ImDrawVert) {
  pos: (imgui.ImVec2) {
   x: (float32) 460,
   y: (float32) 79
  },
  uv: (imgui.ImVec2) {
   x: (float32) 0.12792969,
   y: (float32) 0.0078125
  },
  col: (uint32) 4286204457
 },
 (imgui.ImDrawVert) {
  pos: (imgui.ImVec2) {
   x: (float32) 60,
   y: (float32) 79
  },
  uv: (imgui.ImVec2) {
   x: (float32) 0.12792969,
   y: (float32) 0.0078125
  },
  col: (uint32) 4286204457
 },
 (imgui.ImDrawVert) {
  pos: (imgui.ImVec2) {
   x: (float32) 447.2071,
   y: (float32) 458.5
  },
  uv: (imgui.ImVec2) {
   x: (float32) 0.12792969,
   y: (float32) 0.0078125
  },
  col: (uint32) 872060482
 },
 (imgui.ImDrawVert) {
  pos: (imgui.ImVec2) {
   x: (float32) 444.7929,
   y: (float32) 459.5
  },
  uv: (imgui.ImVec2) {
   x: (float32) 0.12792969,
   y: (float32) 0.0078125
  },
  col: (uint32) 16422466
 },
 (imgui.ImDrawVert) {
  pos: (imgui.ImVec2) {
   x: (float32) 458.5,
   y: (float32) 447.2071
  },
  uv: (imgui.ImVec2) {
   x: (float32) 0.12792969,
   y: (float32) 0.0078125
  },
  col: (uint32) 872060482
 },
 (imgui.ImDrawVert) {
  pos: (imgui.ImVec2) {
   x: (float32) 459.5,
   y: (float32) 444.7929
  },
  uv: (imgui.ImVec2) {
   x: (float32) 0.12792969,
   y: (float32) 0.0078125
  },
  col: (uint32) 16422466
 },
 (imgui.ImDrawVert) {
  pos: (imgui.ImVec2) {
   x: (float32) 458.5,
   y: (float32) 458.5
  },
  uv: (imgui.ImVec2) {
   x: (float32) 0.12792969,
   y: (float32) 0.0078125
  },
  col: (uint32) 872060482
 },
 (imgui.ImDrawVert) {
  pos: (imgui.ImVec2) {
   x: (float32) 459.5,
   y: (float32) 459.5
  },
  uv: (imgui.ImVec2) {
   x: (float32) 0.12792969,
   y: (float32) 0.0078125
  },
  col: (uint32) 16422466
 },
 (imgui.ImDrawVert) {
  pos: (imgui.ImVec2) {
   x: (float32) 71.5,
   y: (float32) 72.39998
  },
  uv: (imgui.ImVec2) {
   x: (float32) 0.12792969,
   y: (float32) 0.0078125
  },
  col: (uint32) 4294967295
 },
 (imgui.ImDrawVert) {
  pos: (imgui.ImVec2) {
   x: (float32) 71.5,
   y: (float32) 74.400024
  },
  uv: (imgui.ImVec2) {
   x: (float32) 0.12792969,
   y: (float32) 0.0078125
  },
  col: (uint32) 16777215
 },
 (imgui.ImDrawVert) {
  pos: (imgui.ImVec2) {
   x: (float32) 67.862816,
   y: (float32) 66.1
  },
  uv: (imgui.ImVec2) {
   x: (float32) 0.12792969,
   y: (float32) 0.0078125
  },
  col: (uint32) 4294967295
 },
 (imgui.ImDrawVert) {
  pos: (imgui.ImVec2) {
   x: (float32) 66.13079,
   y: (float32) 65.1
  },
  uv: (imgui.ImVec2) {
   x: (float32) 0.12792969,
   y: (float32) 0.0078125
  },
  col: (uint32) 16777215
 },
 (imgui.ImDrawVert) {
  pos: (imgui.ImVec2) {
   x: (float32) 75.137184,
   y: (float32) 66.1
  },
  uv: (imgui.ImVec2) {
   x: (float32) 0.12792969,
   y: (float32) 0.0078125
  },
  col: (uint32) 4294967295
 },
 (imgui.ImDrawVert) {
  pos: (imgui.ImVec2) {
   x: (float32) 76.86921,
   y: (float32) 65.1
  },
  uv: (imgui.ImVec2) {
   x: (float32) 0.12792969,
   y: (float32) 0.0078125
  },
  col: (uint32) 16777215
 },
 (imgui.ImDrawVert) {
  pos: (imgui.ImVec2) {
   x: (float32) 83,
   y: (float32) 66
  },
  uv: (imgui.ImVec2) {
   x: (float32) 0.2109375,
   y: (float32) 0.4375
  },
  col: (uint32) 4294967295
 },
 (imgui.ImDrawVert) {
  pos: (imgui.ImVec2) {
   x: (float32) 89,
   y: (float32) 66
  },
  uv: (imgui.ImVec2) {
   x: (float32) 0.22265625,
   y: (float32) 0.4375
  },
  col: (uint32) 4294967295
 },
 (imgui.ImDrawVert) {
  pos: (imgui.ImVec2) {
   x: (float32) 89,
   y: (float32) 74
  },
  uv: (imgui.ImVec2) {
   x: (float32) 0.22265625,
   y: (float32) 0.5625
  },
  col: (uint32) 4294967295
 },
 (imgui.ImDrawVert) {
  pos: (imgui.ImVec2) {
   x: (float32) 83,
   y: (float32) 74
  },
  uv: (imgui.ImVec2) {
   x: (float32) 0.2109375,
   y: (float32) 0.5625
  },
  col: (uint32) 4294967295
 },
 (imgui.ImDrawVert) {
  pos: (imgui.ImVec2) {
   x: (float32) 90,
   y: (float32) 68
  },
  uv: (imgui.ImVec2) {
   x: (float32) 0.6855469,
   y: (float32) 0.5
  },
  col: (uint32) 4294967295
 },
 (imgui.ImDrawVert) {
  pos: (imgui.ImVec2) {
   x: (float32) 95,
   y: (float32) 68
  },
  uv: (imgui.ImVec2) {
   x: (float32) 0.6953125,
   y: (float32) 0.5
  },
  col: (uint32) 4294967295
 },
 (imgui.ImDrawVert) {
  pos: (imgui.ImVec2) {
   x: (float32) 95,
   y: (float32) 74
  },
  uv: (imgui.ImVec2) {
   x: (float32) 0.6953125,
   y: (float32) 0.59375
  },
  col: (uint32) 4294967295
 },
 (imgui.ImDrawVert) {
  pos: (imgui.ImVec2) {
   x: (float32) 90,
   y: (float32) 74
  },
  uv: (imgui.ImVec2) {
   x: (float32) 0.6855469,
   y: (float32) 0.59375
  },
  col: (uint32) 4294967295
 },
 (imgui.ImDrawVert) {
  pos: (imgui.ImVec2) {
   x: (float32) 97,
   y: (float32) 65
  },
  uv: (imgui.ImVec2) {
   x: (float32) 0.5878906,
   y: (float32) 0.203125
  },
  col: (uint32) 4294967295
 },
 (imgui.ImDrawVert) {
  pos: (imgui.ImVec2) {
   x: (float32) 102,
   y: (float32) 65
  },
  uv: (imgui.ImVec2) {
   x: (float32) 0.59765625,
   y: (float32) 0.203125
  },
  col: (uint32) 4294967295
 },
 (imgui.ImDrawVert) {
  pos: (imgui.ImVec2) {
   x: (float32) 102,
   y: (float32) 74
  },
  uv: (imgui.ImVec2) {
   x: (float32) 0.59765625,
   y: (float32) 0.34375
  },
  col: (uint32) 4294967295
 },
 (imgui.ImDrawVert) {
  pos: (imgui.ImVec2) {
   x: (float32) 97,
   y: (float32) 74
  },
  uv: (imgui.ImVec2) {
   x: (float32) 0.5878906,
   y: (float32) 0.34375
  },
  col: (uint32) 4294967295
 },
 (imgui.ImDrawVert) {
  pos: (imgui.ImVec2) {
   x: (float32) 104,
   y: (float32) 68
  },
  uv: (imgui.ImVec2) {
   x: (float32) 0.6621094,
   y: (float32) 0.5
  },
  col: (uint32) 4294967295
 },
 (imgui.ImDrawVert) {
  pos: (imgui.ImVec2) {
   x: (float32) 109,
   y: (float32) 68
  },
  uv: (imgui.ImVec2) {
   x: (float32) 0.671875,
   y: (float32) 0.5
  },
  col: (uint32) 4294967295
 },
 (imgui.ImDrawVert) {
  pos: (imgui.ImVec2) {
   x: (float32) 109,
   y: (float32) 74
  },
  uv: (imgui.ImVec2) {
   x: (float32) 0.671875,
   y: (float32) 0.59375
  },
  col: (uint32) 4294967295
 },
 (imgui.ImDrawVert) {
  pos: (imgui.ImVec2) {
   x: (float32) 104,
   y: (float32) 74
  },
  uv: (imgui.ImVec2) {
   x: (float32) 0.6621094,
   y: (float32) 0.59375
  },
  col: (uint32) 4294967295
 },
 (imgui.ImDrawVert) {
  pos: (imgui.ImVec2) {
   x: (float32) 111,
   y: (float32) 68
  },
  uv: (imgui.ImVec2) {
   x: (float32) 0.7792969,
   y: (float32) 0.34375
  },
  col: (uint32) 4294967295
 },
 (imgui.ImDrawVert) {
  pos: (imgui.ImVec2) {
   x: (float32) 116,
   y: (float32) 68
  },
  uv: (imgui.ImVec2) {
   x: (float32) 0.7890625,
   y: (float32) 0.34375
  },
  col: (uint32) 4294967295
 },
 (imgui.ImDrawVert) {
  pos: (imgui.ImVec2) {
   x: (float32) 116,
   y: (float32) 77
  },
  uv: (imgui.ImVec2) {
   x: (float32) 0.7890625,
   y: (float32) 0.484375
  },
  col: (uint32) 4294967295
 },
 (imgui.ImDrawVert) {
  pos: (imgui.ImVec2) {
   x: (float32) 111,
   y: (float32) 77
  },
  uv: (imgui.ImVec2) {
   x: (float32) 0.7792969,
   y: (float32) 0.484375
  },
  col: (uint32) 4294967295
 },
 (imgui.ImDrawVert) {
  pos: (imgui.ImVec2) {
   x: (float32) 69,
   y: (float32) 90
  },
  uv: (imgui.ImVec2) {
   x: (float32) 0.15625,
   y: (float32) 0.4375
  },
  col: (uint32) 4294967295
 },
 (imgui.ImDrawVert) {
  pos: (imgui.ImVec2) {
   x: (float32) 75,
   y: (float32) 90
  },
  uv: (imgui.ImVec2) {
   x: (float32) 0.16796875,
   y: (float32) 0.4375
  },
  col: (uint32) 4294967295
 },
 (imgui.ImDrawVert) {
  pos: (imgui.ImVec2) {
   x: (float32) 75,
   y: (float32) 98
  },
  uv: (imgui.ImVec2) {
   x: (float32) 0.16796875,
   y: (float32) 0.5625
  },
  col: (uint32) 4294967295
 },
 (imgui.ImDrawVert) {
  pos: (imgui.ImVec2) {
   x: (float32) 69,
   y: (float32) 98
  },
  uv: (imgui.ImVec2) {
   x: (float32) 0.15625,
   y: (float32) 0.5625
  },
  col: (uint32) 4294967295
 },
 (imgui.ImDrawVert) {
  pos: (imgui.ImVec2) {
   x: (float32) 76,
   y: (float32) 90
  },
  uv: (imgui.ImVec2) {
   x: (float32) 0.44726562,
   y: (float32) 0.4375
  },
  col: (uint32) 4294967295
 },
 (imgui.ImDrawVert) {
  pos: (imgui.ImVec2) {
   x: (float32) 81,
   y: (float32) 90
  },
  uv: (imgui.ImVec2) {
   x: (float32) 0.45703125,
   y: (float32) 0.4375
  },
  col: (uint32) 4294967295
 },
 (imgui.ImDrawVert) {
  pos: (imgui.ImVec2) {
   x: (float32) 81,
   y: (float32) 98
  },
  uv: (imgui.ImVec2) {
   x: (float32) 0.45703125,
   y: (float32) 0.5625
  },
  col: (uint32) 4294967295
 },
 (imgui.ImDrawVert) {
  pos: (imgui.ImVec2) {
   x: (float32) 76,
   y: (float32) 98
  },
  uv: (imgui.ImVec2) {
   x: (float32) 0.44726562,
   y: (float32) 0.5625
  },
  col: (uint32) 4294967295
 },
 (imgui.ImDrawVert) {
  pos: (imgui.ImVec2) {
   x: (float32) 83,
   y: (float32) 90
  },
  uv: (imgui.ImVec2) {
   x: (float32) 0.5292969,
   y: (float32) 0.4375
  },
  col: (uint32) 4294967295
 },
 (imgui.ImDrawVert) {
  pos: (imgui.ImVec2) {
   x: (float32) 88,
   y: (float32) 90
  },
  uv: (imgui.ImVec2) {
   x: (float32) 0.5390625,
   y: (float32) 0.4375
  },
  col: (uint32) 4294967295
 },
 (imgui.ImDrawVert) {
  pos: (imgui.ImVec2) {
   x: (float32) 88,
   y: (float32) 98
  },
  uv: (imgui.ImVec2) {
   x: (float32) 0.5390625,
   y: (float32) 0.5625
  },
  col: (uint32) 4294967295
 },
 (imgui.ImDrawVert) {
  pos: (imgui.ImVec2) {
   x: (float32) 83,
   y: (float32) 98
  },
  uv: (imgui.ImVec2) {
   x: (float32) 0.5292969,
   y: (float32) 0.5625
  },
  col: (uint32) 4294967295
 },
 (imgui.ImDrawVert) {
  pos: (imgui.ImVec2) {
   x: (float32) 90,
   y: (float32) 90
  },
  uv: (imgui.ImVec2) {
   x: (float32) 0.5292969,
   y: (float32) 0.4375
  },
  col: (uint32) 4294967295
 },
 (imgui.ImDrawVert) {
  pos: (imgui.ImVec2) {
   x: (float32) 95,
   y: (float32) 90
  },
  uv: (imgui.ImVec2) {
   x: (float32) 0.5390625,
   y: (float32) 0.4375
  },
  col: (uint32) 4294967295
 },
 (imgui.ImDrawVert) {
  pos: (imgui.ImVec2) {
   x: (float32) 95,
   y: (float32) 98
  },
  uv: (imgui.ImVec2) {
   x: (float32) 0.5390625,
   y: (float32) 0.5625
  },
  col: (uint32) 4294967295
 },
 (imgui.ImDrawVert) {
  pos: (imgui.ImVec2) {
   x: (float32) 90,
   y: (float32) 98
  },
  uv: (imgui.ImVec2) {
   x: (float32) 0.5292969,
   y: (float32) 0.5625
  },
  col: (uint32) 4294967295
 },
 (imgui.ImDrawVert) {
  pos: (imgui.ImVec2) {
   x: (float32) 97,
   y: (float32) 90
  },
  uv: (imgui.ImVec2) {
   x: (float32) 0.6855469,
   y: (float32) 0.359375
  },
  col: (uint32) 4294967295
 },
 (imgui.ImDrawVert) {
  pos: (imgui.ImVec2) {
   x: (float32) 103,
   y: (float32) 90
  },
  uv: (imgui.ImVec2) {
   x: (float32) 0.6972656,
   y: (float32) 0.359375
  },
  col: (uint32) 4294967295
 },
 (imgui.ImDrawVert) {
  pos: (imgui.ImVec2) {
   x: (float32) 103,
   y: (float32) 98
  },
  uv: (imgui.ImVec2) {
   x: (float32) 0.6972656,
   y: (float32) 0.484375
  },
  col: (uint32) 4294967295
 },
 (imgui.ImDrawVert) {
  pos: (imgui.ImVec2) {
   x: (float32) 97,
   y: (float32) 98
  },
  uv: (imgui.ImVec2) {
   x: (float32) 0.6855469,
   y: (float32) 0.484375
  },
  col: (uint32) 4294967295
 },
 (imgui.ImDrawVert) {
  pos: (imgui.ImVec2) {
   x: (float32) 110,
   y: (float32) 90
  },
  uv: (imgui.ImVec2) {
   x: (float32) 0.9433594,
   y: (float32) 0.34375
  },
  col: (uint32) 4294967295
 },
 (imgui.ImDrawVert) {
  pos: (imgui.ImVec2) {
   x: (float32) 117,
   y: (float32) 90
  },
  uv: (imgui.ImVec2) {
   x: (float32) 0.95703125,
   y: (float32) 0.34375
  },
  col: (uint32) 4294967295
 },
 (imgui.ImDrawVert) {
  pos: (imgui.ImVec2) {
   x: (float32) 117,
   y: (float32) 98
  },
  uv: (imgui.ImVec2) {
   x: (float32) 0.95703125,
   y: (float32) 0.46875
  },
  col: (uint32) 4294967295
 },
 (imgui.ImDrawVert) {
  pos: (imgui.ImVec2) {
   x: (float32) 110,
   y: (float32) 98
  },
  uv: (imgui.ImVec2) {
   x: (float32) 0.9433594,
   y: (float32) 0.46875
  },
  col: (uint32) 4294967295
 },
 (imgui.ImDrawVert) {
  pos: (imgui.ImVec2) {
   x: (float32) 118,
   y: (float32) 90
  },
  uv: (imgui.ImVec2) {
   x: (float32) 0.6855469,
   y: (float32) 0.359375
  },
  col: (uint32) 4294967295
 },
 (imgui.ImDrawVert) {
  pos: (imgui.ImVec2) {
   x: (float32) 124,
   y: (float32) 90
  },
  uv: (imgui.ImVec2) {
   x: (float32) 0.6972656,
   y: (float32) 0.359375
  },
  col: (uint32) 4294967295
 },
 (imgui.ImDrawVert) {
  pos: (imgui.ImVec2) {
   x: (float32) 124,
   y: (float32) 98
  },
  uv: (imgui.ImVec2) {
   x: (float32) 0.6972656,
   y: (float32) 0.484375
  },
  col: (uint32) 4294967295
 },
 (imgui.ImDrawVert) {
  pos: (imgui.ImVec2) {
   x: (float32) 118,
   y: (float32) 98
  },
  uv: (imgui.ImVec2) {
   x: (float32) 0.6855469,
   y: (float32) 0.484375
  },
  col: (uint32) 4294967295
 },
 (imgui.ImDrawVert) {
  pos: (imgui.ImVec2) {
   x: (float32) 125,
   y: (float32) 90
  },
  uv: (imgui.ImVec2) {
   x: (float32) 0.14257812,
   y: (float32) 0.4375
  },
  col: (uint32) 4294967295
 },
 (imgui.ImDrawVert) {
  pos: (imgui.ImVec2) {
   x: (float32) 131,
   y: (float32) 90
  },
  uv: (imgui.ImVec2) {
   x: (float32) 0.15429688,
   y: (float32) 0.4375
  },
  col: (uint32) 4294967295
 },
 (imgui.ImDrawVert) {
  pos: (imgui.ImVec2) {
   x: (float32) 131,
   y: (float32) 98
  },
  uv: (imgui.ImVec2) {
   x: (float32) 0.15429688,
   y: (float32) 0.5625
  },
  col: (uint32) 4294967295
 },
 (imgui.ImDrawVert) {
  pos: (imgui.ImVec2) {
   x: (float32) 125,
   y: (float32) 98
  },
  uv: (imgui.ImVec2) {
   x: (float32) 0.14257812,
   y: (float32) 0.5625
  },
  col: (uint32) 4294967295
 },
 (imgui.ImDrawVert) {
  pos: (imgui.ImVec2) {
   x: (float32) 132,
   y: (float32) 90
  },
  uv: (imgui.ImVec2) {
   x: (float32) 0.5292969,
   y: (float32) 0.4375
  },
  col: (uint32) 4294967295
 },
 (imgui.ImDrawVert) {
  pos: (imgui.ImVec2) {
   x: (float32) 137,
   y: (float32) 90
  },
  uv: (imgui.ImVec2) {
   x: (float32) 0.5390625,
   y: (float32) 0.4375
  },
  col: (uint32) 4294967295
 },
 (imgui.ImDrawVert) {
  pos: (imgui.ImVec2) {
   x: (float32) 137,
   y: (float32) 98
  },
  uv: (imgui.ImVec2) {
   x: (float32) 0.5390625,
   y: (float32) 0.5625
  },
  col: (uint32) 4294967295
 },
 (imgui.ImDrawVert) {
  pos: (imgui.ImVec2) {
   x: (float32) 132,
   y: (float32) 98
  },
  uv: (imgui.ImVec2) {
   x: (float32) 0.5292969,
   y: (float32) 0.5625
  },
  col: (uint32) 4294967295
 },
 (imgui.ImDrawVert) {
  pos: (imgui.ImVec2) {
   x: (float32) 139,
   y: (float32) 90
  },
  uv: (imgui.ImVec2) {
   x: (float32) 0.2109375,
   y: (float32) 0.4375
  },
  col: (uint32) 4294967295
 },
 (imgui.ImDrawVert) {
  pos: (imgui.ImVec2) {
   x: (float32) 145,
   y: (float32) 90
  },
  uv: (imgui.ImVec2) {
   x: (float32) 0.22265625,
   y: (float32) 0.4375
  },
  col: (uint32) 4294967295
 },
 (imgui.ImDrawVert) {
  pos: (imgui.ImVec2) {
   x: (float32) 145,
   y: (float32) 98
  },
  uv: (imgui.ImVec2) {
   x: (float32) 0.22265625,
   y: (float32) 0.5625
  },
  col: (uint32) 4294967295
 },
 (imgui.ImDrawVert) {
  pos: (imgui.ImVec2) {
   x: (float32) 139,
   y: (float32) 98
  },
  uv: (imgui.ImVec2) {
   x: (float32) 0.2109375,
   y: (float32) 0.5625
  },
  col: (uint32) 4294967295
 },
 (imgui.ImDrawVert) {
  pos: (imgui.ImVec2) {
   x: (float32) 153,
   y: (float32) 90
  },
  uv: (imgui.ImVec2) {
   x: (float32) 0.15625,
   y: (float32) 0.4375
  },
  col: (uint32) 4294967295
 },
 (imgui.ImDrawVert) {
  pos: (imgui.ImVec2) {
   x: (float32) 159,
   y: (float32) 90
  },
  uv: (imgui.ImVec2) {
   x: (float32) 0.16796875,
   y: (float32) 0.4375
  },
  col: (uint32) 4294967295
 },
 (imgui.ImDrawVert) {
  pos: (imgui.ImVec2) {
   x: (float32) 159,
   y: (float32) 98
  },
  uv: (imgui.ImVec2) {
   x: (float32) 0.16796875,
   y: (float32) 0.5625
  },
  col: (uint32) 4294967295
 },
 (imgui.ImDrawVert) {
  pos: (imgui.ImVec2) {
   x: (float32) 153,
   y: (float32) 98
  },
  uv: (imgui.ImVec2) {
   x: (float32) 0.15625,
   y: (float32) 0.5625
  },
  col: (uint32) 4294967295
 },
 (imgui.ImDrawVert) {
  pos: (imgui.ImVec2) {
   x: (float32) 160,
   y: (float32) 90
  },
  uv: (imgui.ImVec2) {
   x: (float32) 0.44726562,
   y: (float32) 0.4375
  },
  col: (uint32) 4294967295
 },
 (imgui.ImDrawVert) {
  pos: (imgui.ImVec2) {
   x: (float32) 165,
   y: (float32) 90
  },
  uv: (imgui.ImVec2) {
   x: (float32) 0.45703125,
   y: (float32) 0.4375
  },
  col: (uint32) 4294967295
 },
 (imgui.ImDrawVert) {
  pos: (imgui.ImVec2) {
   x: (float32) 165,
   y: (float32) 98
  },
  uv: (imgui.ImVec2) {
   x: (float32) 0.45703125,
   y: (float32) 0.5625
  },
  col: (uint32) 4294967295
 },
 (imgui.ImDrawVert) {
  pos: (imgui.ImVec2) {
   x: (float32) 160,
   y: (float32) 98
  },
  uv: (imgui.ImVec2) {
   x: (float32) 0.44726562,
   y: (float32) 0.5625
  },
  col: (uint32) 4294967295
 },
 (imgui.ImDrawVert) {
  pos: (imgui.ImVec2) {
   x: (float32) 167,
   y: (float32) 90
  },
  uv: (imgui.ImVec2) {
   x: (float32) 0.5292969,
   y: (float32) 0.4375
  },
  col: (uint32) 4294967295
 },
 (imgui.ImDrawVert) {
  pos: (imgui.ImVec2) {
   x: (float32) 172,
   y: (float32) 90
  },
  uv: (imgui.ImVec2) {
   x: (float32) 0.5390625,
   y: (float32) 0.4375
  },
  col: (uint32) 4294967295
 },
 (imgui.ImDrawVert) {
  pos: (imgui.ImVec2) {
   x: (float32) 172,
   y: (float32) 98
  },
  uv: (imgui.ImVec2) {
   x: (float32) 0.5390625,
   y: (float32) 0.5625
  },
  col: (uint32) 4294967295
 },
 (imgui.ImDrawVert) {
  pos: (imgui.ImVec2) {
   x: (float32) 167,
   y: (float32) 98
  },
  uv: (imgui.ImVec2) {
   x: (float32) 0.5292969,
   y: (float32) 0.5625
  },
  col: (uint32) 4294967295
 },
 (imgui.ImDrawVert) {
  pos: (imgui.ImVec2) {
   x: (float32) 174,
   y: (float32) 90
  },
  uv: (imgui.ImVec2) {
   x: (float32) 0.5292969,
   y: (float32) 0.4375
  },
  col: (uint32) 4294967295
 },
 (imgui.ImDrawVert) {
  pos: (imgui.ImVec2) {
   x: (float32) 179,
   y: (float32) 90
  },
  uv: (imgui.ImVec2) {
   x: (float32) 0.5390625,
   y: (float32) 0.4375
  },
  col: (uint32) 4294967295
 },
 (imgui.ImDrawVert) {
  pos: (imgui.ImVec2) {
   x: (float32) 179,
   y: (float32) 98
  },
  uv: (imgui.ImVec2) {
   x: (float32) 0.5390625,
   y: (float32) 0.5625
  },
  col: (uint32) 4294967295
 },
 (imgui.ImDrawVert) {
  pos: (imgui.ImVec2) {
   x: (float32) 174,
   y: (float32) 98
  },
  uv: (imgui.ImVec2) {
   x: (float32) 0.5292969,
   y: (float32) 0.5625
  },
  col: (uint32) 4294967295
 },
 (imgui.ImDrawVert) {
  pos: (imgui.ImVec2) {
   x: (float32) 181,
   y: (float32) 90
  },
  uv: (imgui.ImVec2) {
   x: (float32) 0.6855469,
   y: (float32) 0.359375
  },
  col: (uint32) 4294967295
 },
 (imgui.ImDrawVert) {
  pos: (imgui.ImVec2) {
   x: (float32) 187,
   y: (float32) 90
  },
  uv: (imgui.ImVec2) {
   x: (float32) 0.6972656,
   y: (float32) 0.359375
  },
  col: (uint32) 4294967295
 },
 (imgui.ImDrawVert) {
  pos: (imgui.ImVec2) {
   x: (float32) 187,
   y: (float32) 98
  },
  uv: (imgui.ImVec2) {
   x: (float32) 0.6972656,
   y: (float32) 0.484375
  },
  col: (uint32) 4294967295
 },
 (imgui.ImDrawVert) {
  pos: (imgui.ImVec2) {
   x: (float32) 181,
   y: (float32) 98
  },
  uv: (imgui.ImVec2) {
   x: (float32) 0.6855469,
   y: (float32) 0.484375
  },
  col: (uint32) 4294967295
 },
 (imgui.ImDrawVert) {
  pos: (imgui.ImVec2) {
   x: (float32) 194,
   y: (float32) 90
  },
  uv: (imgui.ImVec2) {
   x: (float32) 0.9433594,
   y: (float32) 0.34375
  },
  col: (uint32) 4294967295
 },
 (imgui.ImDrawVert) {
  pos: (imgui.ImVec2) {
   x: (float32) 201,
   y: (float32) 90
  },
  uv: (imgui.ImVec2) {
   x: (float32) 0.95703125,
   y: (float32) 0.34375
  },
  col: (uint32) 4294967295
 },
 (imgui.ImDrawVert) {
  pos: (imgui.ImVec2) {
   x: (float32) 201,
   y: (float32) 98
  },
  uv: (imgui.ImVec2) {
   x: (float32) 0.95703125,
   y: (float32) 0.46875
  },
  col: (uint32) 4294967295
 },
 (imgui.ImDrawVert) {
  pos: (imgui.ImVec2) {
   x: (float32) 194,
   y: (float32) 98
  },
  uv: (imgui.ImVec2) {
   x: (float32) 0.9433594,
   y: (float32) 0.46875
  },
  col: (uint32) 4294967295
 },
 (imgui.ImDrawVert) {
  pos: (imgui.ImVec2) {
   x: (float32) 202,
   y: (float32) 90
  },
  uv: (imgui.ImVec2) {
   x: (float32) 0.6855469,
   y: (float32) 0.359375
  },
  col: (uint32) 4294967295
 },
 (imgui.ImDrawVert) {
  pos: (imgui.ImVec2) {
   x: (float32) 208,
   y: (float32) 90
  },
  uv: (imgui.ImVec2) {
   x: (float32) 0.6972656,
   y: (float32) 0.359375
  },
  col: (uint32) 4294967295
 },
 (imgui.ImDrawVert) {
  pos: (imgui.ImVec2) {
   x: (float32) 208,
   y: (float32) 98
  },
  uv: (imgui.ImVec2) {
   x: (float32) 0.6972656,
   y: (float32) 0.484375
  },
  col: (uint32) 4294967295
 },
 (imgui.ImDrawVert) {
  pos: (imgui.ImVec2) {
   x: (float32) 202,
   y: (float32) 98
  },
  uv: (imgui.ImVec2) {
   x: (float32) 0.6855469,
   y: (float32) 0.484375
  },
  col: (uint32) 4294967295
 },
 (imgui.ImDrawVert) {
  pos: (imgui.ImVec2) {
   x: (float32) 209,
   y: (float32) 90
  },
  uv: (imgui.ImVec2) {
   x: (float32) 0.14257812,
   y: (float32) 0.4375
  },
  col: (uint32) 4294967295
 },
 (imgui.ImDrawVert) {
  pos: (imgui.ImVec2) {
   x: (float32) 215,
   y: (float32) 90
  },
  uv: (imgui.ImVec2) {
   x: (float32) 0.15429688,
   y: (float32) 0.4375
  },
  col: (uint32) 4294967295
 },
 (imgui.ImDrawVert) {
  pos: (imgui.ImVec2) {
   x: (float32) 215,
   y: (float32) 98
  },
  uv: (imgui.ImVec2) {
   x: (float32) 0.15429688,
   y: (float32) 0.5625
  },
  col: (uint32) 4294967295
 },
 (imgui.ImDrawVert) {
  pos: (imgui.ImVec2) {
   x: (float32) 209,
   y: (float32) 98
  },
  uv: (imgui.ImVec2) {
   x: (float32) 0.14257812,
   y: (float32) 0.5625
  },
  col: (uint32) 4294967295
 },
 (imgui.ImDrawVert) {
  pos: (imgui.ImVec2) {
   x: (float32) 216,
   y: (float32) 90
  },
  uv: (imgui.ImVec2) {
   x: (float32) 0.5292969,
   y: (float32) 0.4375
  },
  col: (uint32) 4294967295
 },
 (imgui.ImDrawVert) {
  pos: (imgui.ImVec2) {
   x: (float32) 221,
   y: (float32) 90
  },
  uv: (imgui.ImVec2) {
   x: (float32) 0.5390625,
   y: (float32) 0.4375
  },
  col: (uint32) 4294967295
 },
 (imgui.ImDrawVert) {
  pos: (imgui.ImVec2) {
   x: (float32) 221,
   y: (float32) 98
  },
  uv: (imgui.ImVec2) {
   x: (float32) 0.5390625,
   y: (float32) 0.5625
  },
  col: (uint32) 4294967295
 },
 (imgui.ImDrawVert) {
  pos: (imgui.ImVec2) {
   x: (float32) 216,
   y: (float32) 98
  },
  uv: (imgui.ImVec2) {
   x: (float32) 0.5292969,
   y: (float32) 0.5625
  },
  col: (uint32) 4294967295
 },
 (imgui.ImDrawVert) {
  pos: (imgui.ImVec2) {
   x: (float32) 223,
   y: (float32) 90
  },
  uv: (imgui.ImVec2) {
   x: (float32) 0.2109375,
   y: (float32) 0.4375
  },
  col: (uint32) 4294967295
 },
 (imgui.ImDrawVert) {
  pos: (imgui.ImVec2) {
   x: (float32) 229,
   y: (float32) 90
  },
  uv: (imgui.ImVec2) {
   x: (float32) 0.22265625,
   y: (float32) 0.4375
  },
  col: (uint32) 4294967295
 },
 (imgui.ImDrawVert) {
  pos: (imgui.ImVec2) {
   x: (float32) 229,
   y: (float32) 98
  },
  uv: (imgui.ImVec2) {
   x: (float32) 0.22265625,
   y: (float32) 0.5625
  },
  col: (uint32) 4294967295
 },
 (imgui.ImDrawVert) {
  pos: (imgui.ImVec2) {
   x: (float32) 223,
   y: (float32) 98
  },
  uv: (imgui.ImVec2) {
   x: (float32) 0.2109375,
   y: (float32) 0.5625
  },
  col: (uint32) 4294967295
 }
}
